<?xml version="1.0" encoding="UTF-8"?>
<!-- Generated by org.testng.reporters.JUnitReportReporter -->
<testsuite skipped="0" hostname="LAPTOP-89N4RR8C" name="Zest.Money.fetchLinksAmazon" tests="1" failures="0" timestamp="02 Apr 2020 18:32:32 GMT" time="67.078" errors="0">
  <testcase name="fetchLinks" time="67.078" classname="Zest.Money.fetchLinksAmazon"/>
</testsuite> <!-- Zest.Money.fetchLinksAmazon -->
