<?xml version="1.0" encoding="UTF-8"?>
<!-- Generated by org.testng.reporters.JUnitReportReporter -->
<testsuite skipped="0" hostname="DESKTOP-EHF539G" name="Zest.Money.Assignment_1" tests="1" failures="0" timestamp="24 Dec 2019 04:51:52 GMT" time="38.981" errors="0">
  <testcase name="comparePriceBetweenAmazonFlipkart" time="38.981" classname="Zest.Money.Assignment_1"/>
</testsuite> <!-- Zest.Money.Assignment_1 -->
