<?xml version="1.0" encoding="UTF-8"?>
<!-- Generated by org.testng.reporters.JUnitReportReporter -->
<testsuite skipped="0" hostname="DESKTOP-EHF539G" name="Zest.Money.Assignment_2" tests="1" failures="0" timestamp="23 Dec 2019 18:27:28 GMT" time="249.791" errors="0">
  <testcase name="tripAdvisor" time="249.791" classname="Zest.Money.Assignment_2"/>
</testsuite> <!-- Zest.Money.Assignment_2 -->
